[2025-09-22 11:34:03]
Entering: PipelineElement(name=trace example)
===============END LOG ENTRY================

[2025-09-22 11:34:03]
Entering: TraceElement(execution_id=unnamed, content=This is trace 1., is_blocking=False)
===============END LOG ENTRY================

[2025-09-22 11:34:03]
Exiting: TraceElement(execution_id=unnamed, content=This is trace 1., is_blocking=False)
===============END LOG ENTRY================

[2025-09-22 11:34:03]
Entering: TraceElement(execution_id=unnamed, content=This is trace 2., is_blocking=False)
===============END LOG ENTRY================

[2025-09-22 11:34:03]
Exiting: TraceElement(execution_id=unnamed, content=This is trace 2., is_blocking=False)
===============END LOG ENTRY================

[2025-09-22 11:34:03]
Entering: TraceElement(execution_id=unnamed, content=This is trace 3., is_blocking=False)
===============END LOG ENTRY================

[2025-09-22 11:34:03]
Exiting: TraceElement(execution_id=unnamed, content=This is trace 3., is_blocking=False)
===============END LOG ENTRY================

[2025-09-22 11:34:03]
Entering: SetPayloadElement(input_var=, content=MIH)
===============END LOG ENTRY================

[2025-09-22 11:34:03]
Exiting: SetPayloadElement(input_var=, content=MIH)
===============END LOG ENTRY================

[2025-09-22 11:34:03]
Exiting: PipelineElement(name=trace example)
===============END LOG ENTRY================

